[04:27:42] [main/WARN]: Ambiguity between arguments [teleport, destination] and [teleport, targets] with inputs: [Player, 0123, @e, dd12be42-52a9-4a91-a8a1-11c01849e498]
[04:27:42] [main/WARN]: Ambiguity between arguments [teleport, location] and [teleport, destination] with inputs: [0.1 -0.5 .9, 0 0 0]
[04:27:42] [main/WARN]: Ambiguity between arguments [teleport, location] and [teleport, targets] with inputs: [0.1 -0.5 .9, 0 0 0]
[04:27:42] [main/WARN]: Ambiguity between arguments [teleport, targets] and [teleport, destination] with inputs: [Player, 0123, dd12be42-52a9-4a91-a8a1-11c01849e498]
[04:27:42] [main/WARN]: Ambiguity between arguments [teleport, targets, location] and [teleport, targets, destination] with inputs: [0.1 -0.5 .9, 0 0 0]
[04:27:42] [Server thread/INFO]: Starting minecraft server version 1.15.2
[04:27:42] [Server thread/INFO]: Loading properties
[04:27:42] [Server thread/INFO]: Default game type: SURVIVAL
[04:27:42] [Server thread/INFO]: Generating keypair
[04:27:42] [Server thread/INFO]: Starting Minecraft server on *:25565
[04:27:42] [Server thread/INFO]: Using epoll channel type
[04:27:42] [Server thread/INFO]: Preparing level "world"
[04:27:43] [Server thread/INFO]: Reloading ResourceManager: Default
[04:27:44] [Server thread/INFO]: Loaded 6 recipes
[04:27:45] [Server thread/INFO]: Loaded 825 advancements
[04:28:15] [Server thread/INFO]: Preparing start region for dimension minecraft:overworld
[04:28:17] [Server thread/INFO]: Preparing spawn area: 0%
[04:28:17] [Server thread/INFO]: Preparing spawn area: 0%
[04:28:17] [Server thread/INFO]: Preparing spawn area: 0%
[04:28:17] [Server thread/INFO]: Preparing spawn area: 0%
[04:28:17] [Server-Worker-1/INFO]: Preparing spawn area: 0%
[04:28:20] [Server-Worker-3/INFO]: Preparing spawn area: 83%
[04:28:20] [Server-Worker-1/INFO]: Preparing spawn area: 83%
[04:28:20] [Server-Worker-3/INFO]: Preparing spawn area: 83%
[04:28:20] [Server-Worker-2/INFO]: Preparing spawn area: 83%
[04:28:20] [Server-Worker-1/INFO]: Preparing spawn area: 83%
[04:28:20] [Server-Worker-3/INFO]: Preparing spawn area: 83%
[04:28:21] [Server-Worker-3/INFO]: Preparing spawn area: 83%
[04:28:21] [Server-Worker-1/INFO]: Preparing spawn area: 83%
[04:28:22] [Server-Worker-2/INFO]: Preparing spawn area: 85%
[04:28:22] [Server-Worker-1/INFO]: Preparing spawn area: 89%
[04:28:23] [Server-Worker-3/INFO]: Preparing spawn area: 96%
[04:28:23] [Server thread/INFO]: Time elapsed: 7818 ms
[04:28:23] [Server thread/INFO]: Done (40.793s)! For help, type "help"
[04:28:23] [Server thread/INFO]: Starting remote control listener
[04:28:23] [RCON Listener #1/INFO]: RCON running on 0.0.0.0:25575
[04:34:15] [RCON Listener #1/INFO]: Rcon connection from: /127.0.0.1
[04:34:15] [Server thread/INFO]: [Rcon: Stopping the server]
[04:34:15] [Server thread/INFO]: Stopping server
[04:34:15] [Server thread/INFO]: Saving players
[04:34:15] [Server thread/INFO]: Saving worlds
[04:34:15] [Server thread/INFO]: Saving chunks for level 'world'/minecraft:overworld
[04:34:15] [Server thread/INFO]: ThreadedAnvilChunkStorage (world): All chunks are saved
[04:34:15] [Server thread/INFO]: Saving chunks for level 'world'/minecraft:the_end
[04:34:15] [Server thread/INFO]: ThreadedAnvilChunkStorage (DIM1): All chunks are saved
[04:34:15] [Server thread/INFO]: Saving chunks for level 'world'/minecraft:the_nether
[04:34:15] [Server thread/INFO]: ThreadedAnvilChunkStorage (DIM-1): All chunks are saved
[04:34:15] [Server thread/INFO]: ThreadedAnvilChunkStorage (world): All chunks are saved
[04:34:15] [Server thread/INFO]: ThreadedAnvilChunkStorage (DIM1): All chunks are saved
[04:34:15] [Server thread/INFO]: ThreadedAnvilChunkStorage (DIM-1): All chunks are saved
