[21:49:00] [main/WARN]: Ambiguity between arguments [teleport, destination] and [teleport, targets] with inputs: [Player, 0123, @e, dd12be42-52a9-4a91-a8a1-11c01849e498]
[21:49:00] [main/WARN]: Ambiguity between arguments [teleport, location] and [teleport, destination] with inputs: [0.1 -0.5 .9, 0 0 0]
[21:49:00] [main/WARN]: Ambiguity between arguments [teleport, location] and [teleport, targets] with inputs: [0.1 -0.5 .9, 0 0 0]
[21:49:00] [main/WARN]: Ambiguity between arguments [teleport, targets] and [teleport, destination] with inputs: [Player, 0123, dd12be42-52a9-4a91-a8a1-11c01849e498]
[21:49:00] [main/WARN]: Ambiguity between arguments [teleport, targets, location] and [teleport, targets, destination] with inputs: [0.1 -0.5 .9, 0 0 0]
[21:49:00] [Server thread/INFO]: Starting minecraft server version 1.15.2
[21:49:00] [Server thread/INFO]: Loading properties
[21:49:00] [Server thread/INFO]: Default game type: SURVIVAL
[21:49:00] [Server thread/INFO]: Generating keypair
[21:49:00] [Server thread/INFO]: Starting Minecraft server on *:25565
[21:49:00] [Server thread/INFO]: Using epoll channel type
[21:49:00] [Server thread/INFO]: Preparing level "world"
[21:49:01] [Server thread/INFO]: Reloading ResourceManager: Default
[21:49:02] [Server thread/INFO]: Loaded 6 recipes
[21:49:02] [Server thread/INFO]: Loaded 825 advancements
[21:49:19] [Server thread/INFO]: Preparing start region for dimension minecraft:overworld
[21:49:21] [Server thread/INFO]: Preparing spawn area: 0%
[21:49:21] [Server thread/INFO]: Preparing spawn area: 0%
[21:49:21] [Server thread/INFO]: Preparing spawn area: 0%
[21:49:21] [Server thread/INFO]: Preparing spawn area: 1%
[21:49:23] [Server-Worker-3/INFO]: Preparing spawn area: 83%
[21:49:23] [Server-Worker-1/INFO]: Preparing spawn area: 83%
[21:49:23] [Server-Worker-1/INFO]: Preparing spawn area: 83%
[21:49:23] [Server-Worker-1/INFO]: Preparing spawn area: 83%
[21:49:23] [Server-Worker-1/INFO]: Preparing spawn area: 83%
[21:49:24] [Server-Worker-2/INFO]: Preparing spawn area: 83%
[21:49:24] [Server-Worker-2/INFO]: Preparing spawn area: 83%
[21:49:25] [Server-Worker-3/INFO]: Preparing spawn area: 83%
[21:49:25] [Server-Worker-2/INFO]: Preparing spawn area: 85%
